<?xml version="1.0" encoding="UTF-8"?>
<!-- Generated by org.testng.reporters.JUnitXMLReporter -->
<testsuite ignored="2" hostname="Ashutosh" failures="0" tests="3" name="Test1" time="138.47" errors="0" timestamp="2025-04-25T18:17:24 IST">
  <testcase classname="organisationcreate.OrgwithallTest" name="contactTest" time="28.628"/>
  <testcase classname="organisationcreate.OrgwithallTest" name="orgallTest" time="44.598"/>
  <testcase classname="contact.ContactwithSupportDateTest" name="contactSupportDate" time="18.207"/>
  <testcase classname="contact.BaseClass" name="@BeforeSuite configBSuit" time="0.0">
    <ignored/>
  </testcase> <!-- @BeforeSuite configBSuit -->
  <testcase classname="contact.BaseClass" name="@AfterSuite configas" time="0.0">
    <ignored/>
  </testcase> <!-- @AfterSuite configas -->
</testsuite> <!-- Test1 -->
