<?xml version="1.0" encoding="UTF-8"?>
<!-- Generated by org.testng.reporters.JUnitXMLReporter -->
<testsuite ignored="4" hostname="Ashutosh" failures="0" tests="1" name="Test" time="59.087" errors="0" timestamp="2025-05-07T15:05:48 IST">
  <testcase classname="organisationcreate.OrgwithallTest" name="orgallTest" time="46.562"/>
  <testcase classname="genericutility.BaseClass" name="@BeforeSuite configBSuit" time="0.0">
    <ignored/>
  </testcase> <!-- @BeforeSuite configBSuit -->
  <testcase classname="contact.ContactcreateTest" name="createContactTest" time="0.0">
    <ignored/>
  </testcase> <!-- createContactTest -->
  <testcase classname="genericutility.BaseClass" name="@AfterSuite configas" time="0.0">
    <ignored/>
  </testcase> <!-- @AfterSuite configas -->
  <testcase classname="organisationcreate.OrgwithallTest" name="contactTest" time="0.0">
    <ignored/>
  </testcase> <!-- contactTest -->
</testsuite> <!-- Test -->
