<?xml version="1.0" encoding="UTF-8"?>
<!-- Generated by org.testng.reporters.JUnitXMLReporter -->
<testsuite ignored="2" hostname="Ashutosh" failures="0" tests="3" name="Test2" time="128.739" errors="0" timestamp="2025-04-25T18:17:14 IST">
  <testcase classname="organisationcreate.OrgwithallTest" name="contactTest" time="19.957"/>
  <testcase classname="organisationcreate.OrgwithallTest" name="orgallTest" time="45.782"/>
  <testcase classname="contact.ContactwithSupportDateTest" name="contactSupportDate" time="21.578"/>
  <testcase classname="contact.BaseClass" name="@BeforeSuite configBSuit" time="0.0">
    <ignored/>
  </testcase> <!-- @BeforeSuite configBSuit -->
  <testcase classname="contact.BaseClass" name="@AfterSuite configas" time="0.0">
    <ignored/>
  </testcase> <!-- @AfterSuite configas -->
</testsuite> <!-- Test2 -->
