<?xml version="1.0" encoding="UTF-8"?>
<testng-results ignored="0" total="1" passed="1" failed="0" skipped="0">
  <reporter-output>
  </reporter-output>
  <suite started-at="2025-05-01T12:19:20 IST" name="Default suite" finished-at="2025-05-01T12:19:20 IST" duration-ms="79">
    <groups>
    </groups>
    <test started-at="2025-05-01T12:19:20 IST" name="Default test" finished-at="2025-05-01T12:19:20 IST" duration-ms="79">
      <class name="practicedatadriventestin.CmdTest">
        <test-method signature="cmds()[pri:0, instance:practicedatadriventestin.CmdTest@2a4fb17b]" started-at="2025-05-01T12:19:20 IST" name="cmds" finished-at="2025-05-01T12:19:20 IST" duration-ms="20" status="PASS">
          <reporter-output>
          </reporter-output>
        </test-method> <!-- cmds -->
      </class> <!-- practicedatadriventestin.CmdTest -->
    </test> <!-- Default test -->
  </suite> <!-- Default suite -->
</testng-results>
